#
# There is insufficient memory for the Java Runtime Environment to continue.
# Native memory allocation (malloc) failed to allocate 1048576 bytes for AllocateHeap
# Possible reasons:
#   The system is out of physical RAM or swap space
#   The process is running with CompressedOops enabled, and the Java Heap may be blocking the growth of the native heap
# Possible solutions:
#   Reduce memory load on the system
#   Increase physical memory or swap space
#   Check if swap backing store is full
#   Decrease Java heap size (-Xmx/-Xms)
#   Decrease number of Java threads
#   Decrease Java thread stack sizes (-Xss)
#   Set larger code cache with -XX:ReservedCodeCacheSize=
#   JVM is running with Zero Based Compressed Oops mode in which the Java heap is
#     placed in the first 32GB address space. The Java Heap base address is the
#     maximum limit for the native heap growth. Please use -XX:HeapBaseMinAddress
#     to set the Java Heap base and to place the Java Heap above 32GB virtual address.
# This output file may be truncated or incomplete.
#
#  Out of Memory Error (allocation.cpp:44), pid=43040, tid=24104
#
# JRE version:  (16.0.1+9) (build )
# Java VM: OpenJDK 64-Bit Server VM (16.0.1+9-24, mixed mode, sharing, tiered, compressed oops, compressed class ptrs, g1 gc, windows-amd64)
# No core dump will be written. Minidumps are not enabled by default on client versions of Windows
#

---------------  S U M M A R Y ------------

Command Line: -XX:+ShowCodeDetailsInExceptionMessages -agentlib:jdwp=transport=dt_socket,suspend=y,address=localhost:57346 -javaagent:C:\Users\rahil.arora\eclipse\java-2021-06\eclipse\configuration\org.eclipse.osgi\222\0\.cp\lib\javaagent-shaded.jar -Dfile.encoding=Cp1252 --module-path=C:\Users\rahil.arora\OneDrive - Incedo Technology Solutions Ltd\Documents\mysql-connector-java-8.0.26\mysql-connector-java-8.0.26\mysql-connector-java-8.0.26.jar ehealth.management.system.AdminLogin

Host: Intel(R) Core(TM) i5-10210U CPU @ 1.60GHz, 8 cores, 15G,  Windows 10 , 64 bit Build 19041 (10.0.19041.1023)
Time: Wed Jul 28 22:39:59 2021 India Standard Time elapsed time: 0.023155 seconds (0d 0h 0m 0s)

---------------  T H R E A D  ---------------

Current thread (0x0000021ef160c0a0):  JavaThread "Unknown thread" [_thread_in_vm, id=24104, stack(0x00000035de200000,0x00000035de300000)]

Stack: [0x00000035de200000,0x00000035de300000]
Native frames: (J=compiled Java code, j=interpreted, Vv=VM code, C=native code)
V  [jvm.dll+0x6687ca]
V  [jvm.dll+0x7ca3c9]
V  [jvm.dll+0x7cbb53]
V  [jvm.dll+0x7cc1b3]
V  [jvm.dll+0x242ea5]
V  [jvm.dll+0xa8742]
V  [jvm.dll+0x2dccc4]
V  [jvm.dll+0x2d482b]
V  [jvm.dll+0x79ccb1]
V  [jvm.dll+0x360de1]
V  [jvm.dll+0x77a990]
V  [jvm.dll+0x3e55af]
V  [jvm.dll+0x3e7081]
C  [jli.dll+0x52fb]
C  [ucrtbase.dll+0x21bb2]
C  [KERNEL32.DLL+0x17034]
C  [ntdll.dll+0x52651]


---------------  P R O C E S S  ---------------

Threads class SMR info:
_java_thread_list=0x00007ffc2770cbb8, length=0, elements={
}

Java Threads: ( => current thread )

Other Threads:
  0x0000021ef165aed0 GCTaskThread "GC Thread#0" [stack: 0x00000035de300000,0x00000035de400000] [id=44916]

[error occurred during error reporting (printing all threads), id 0xc0000005, EXCEPTION_ACCESS_VIOLATION (0xc0000005) at pc=0x00007ffc26ee19b0]

VM state: not at safepoint (not fully initialized)

VM Mutex/Monitor currently owned by a thread:  ([mutex/lock_event])
[0x0000021ef16081f0] Heap_lock - owner thread: 0x0000021ef160c0a0

Heap address: 0x0000000705a00000, size: 4006 MB, Compressed Oops mode: Zero based, Oop shift amount: 3

CDS archive(s) mapped at: [0x0000000000000000-0x0000000000000000-0x0000000000000000), size 0, SharedBaseAddress: 0x0000000800000000, ArchiveRelocationMode: 0.
Narrow klass base: 0x0000000000000000, Narrow klass shift: 0, Narrow klass range: 0x0

GC Precious Log:
<Empty>

Heap:
 garbage-first heap   total 0K, used 0K [0x0000000705a00000, 0x0000000800000000)
  region size 2048K, 0 young (0K), 0 survivors (0K)

[error occurred during error reporting (printing heap information), id 0xc0000005, EXCEPTION_ACCESS_VIOLATION (0xc0000005) at pc=0x00007ffc272c24ed]

GC Heap History (0 events):
No events

Deoptimization events (0 events):
No events

Classes unloaded (0 events):
No events

Classes redefined (0 events):
No events

Internal exceptions (0 events):
No events

Events (1 events):
Event: 0.018 Loaded shared library C:\Users\rahil.arora\.p2\pool\plugins\org.eclipse.justj.openjdk.hotspot.jre.full.win32.x86_64_16.0.1.v20210528-1205\jre\bin\java.dll


Dynamic libraries:
0x00007ff6642d0000 - 0x00007ff6642de000 	C:\Users\rahil.arora\.p2\pool\plugins\org.eclipse.justj.openjdk.hotspot.jre.full.win32.x86_64_16.0.1.v20210528-1205\jre\bin\javaw.exe
0x00007ffcadd30000 - 0x00007ffcadf25000 	C:\Windows\SYSTEM32\ntdll.dll
0x00007ffcac1c0000 - 0x00007ffcac27d000 	C:\Windows\System32\KERNEL32.DLL
0x00007ffcab7c0000 - 0x00007ffcaba89000 	C:\Windows\System32\KERNELBASE.dll
0x00007ffcab4d0000 - 0x00007ffcab5d0000 	C:\Windows\System32\ucrtbase.dll
0x00007ffc4efb0000 - 0x00007ffc4efc8000 	C:\Users\rahil.arora\.p2\pool\plugins\org.eclipse.justj.openjdk.hotspot.jre.full.win32.x86_64_16.0.1.v20210528-1205\jre\bin\jli.dll
0x00007ffc4ded0000 - 0x00007ffc4dee9000 	C:\Users\rahil.arora\.p2\pool\plugins\org.eclipse.justj.openjdk.hotspot.jre.full.win32.x86_64_16.0.1.v20210528-1205\jre\bin\VCRUNTIME140.dll
0x00007ffcad230000 - 0x00007ffcad3d0000 	C:\Windows\System32\USER32.dll
0x00007ffcab6b0000 - 0x00007ffcab6d2000 	C:\Windows\System32\win32u.dll
0x00007ffca9aa0000 - 0x00007ffca9d3a000 	C:\Windows\WinSxS\amd64_microsoft.windows.common-controls_6595b64144ccf1df_6.0.19041.1110_none_60b5254171f9507e\COMCTL32.dll
0x00007ffcad880000 - 0x00007ffcad8aa000 	C:\Windows\System32\GDI32.dll
0x00007ffcabda0000 - 0x00007ffcabe3e000 	C:\Windows\System32\msvcrt.dll
0x00007ffcabc90000 - 0x00007ffcabd9b000 	C:\Windows\System32\gdi32full.dll
0x00007ffcaba90000 - 0x00007ffcabb2d000 	C:\Windows\System32\msvcp_win.dll
0x00007ffcad8b0000 - 0x00007ffcad8e0000 	C:\Windows\System32\IMM32.DLL
0x00007ffc73100000 - 0x00007ffc731b2000 	C:\Program Files\McAfee\Endpoint Security\Threat Prevention\Ips\EpMPApi.dll
0x00007ffcacfe0000 - 0x00007ffcad10a000 	C:\Windows\System32\RPCRT4.dll
0x00007ffcad3d0000 - 0x00007ffcad47c000 	C:\Windows\System32\ADVAPI32.dll
0x00007ffcac280000 - 0x00007ffcac31b000 	C:\Windows\System32\sechost.dll
0x00007ffcab470000 - 0x00007ffcab4d0000 	C:\Windows\System32\WINTRUST.dll
0x00007ffcabb30000 - 0x00007ffcabc8f000 	C:\Windows\System32\CRYPT32.dll
0x00007ffcab060000 - 0x00007ffcab072000 	C:\Windows\SYSTEM32\MSASN1.dll
0x0000000060190000 - 0x000000006019c000 	C:\Program Files\McAfee\Endpoint Security\Threat Prevention\Ips\EpMPThe.dll
0x00007ffc6e0f0000 - 0x00007ffc6e0fc000 	C:\Users\rahil.arora\.p2\pool\plugins\org.eclipse.justj.openjdk.hotspot.jre.full.win32.x86_64_16.0.1.v20210528-1205\jre\bin\vcruntime140_1.dll
0x00007ffc22950000 - 0x00007ffc229e1000 	C:\Users\rahil.arora\.p2\pool\plugins\org.eclipse.justj.openjdk.hotspot.jre.full.win32.x86_64_16.0.1.v20210528-1205\jre\bin\msvcp140.dll
0x00007ffc26c00000 - 0x00007ffc277ab000 	C:\Users\rahil.arora\.p2\pool\plugins\org.eclipse.justj.openjdk.hotspot.jre.full.win32.x86_64_16.0.1.v20210528-1205\jre\bin\server\jvm.dll
0x00007ffcad110000 - 0x00007ffcad118000 	C:\Windows\System32\PSAPI.DLL
0x00007ffca0d10000 - 0x00007ffca0d1a000 	C:\Windows\SYSTEM32\VERSION.dll
0x00007ffc89af0000 - 0x00007ffc89af9000 	C:\Windows\SYSTEM32\WSOCK32.dll
0x00007ffc7e790000 - 0x00007ffc7e7b7000 	C:\Windows\SYSTEM32\WINMM.dll
0x00007ffcad4e0000 - 0x00007ffcad54b000 	C:\Windows\System32\WS2_32.dll
0x00007ffca95a0000 - 0x00007ffca95b2000 	C:\Windows\SYSTEM32\kernel.appcore.dll
0x00007ffca62d0000 - 0x00007ffca62da000 	C:\Users\rahil.arora\.p2\pool\plugins\org.eclipse.justj.openjdk.hotspot.jre.full.win32.x86_64_16.0.1.v20210528-1205\jre\bin\jimage.dll
0x00007ffca92a0000 - 0x00007ffca9484000 	C:\Windows\SYSTEM32\DBGHELP.DLL
0x00007ffc8b590000 - 0x00007ffc8b5bc000 	C:\Windows\SYSTEM32\dbgcore.DLL
0x00007ffcab730000 - 0x00007ffcab7b3000 	C:\Windows\System32\bcryptPrimitives.dll
0x00007ffc277c0000 - 0x00007ffc277fb000 	C:\Users\rahil.arora\.p2\pool\plugins\org.eclipse.justj.openjdk.hotspot.jre.full.win32.x86_64_16.0.1.v20210528-1205\jre\bin\jdwp.dll
0x00007ffc69e00000 - 0x00007ffc69e0e000 	C:\Users\rahil.arora\.p2\pool\plugins\org.eclipse.justj.openjdk.hotspot.jre.full.win32.x86_64_16.0.1.v20210528-1205\jre\bin\instrument.dll
0x00007ffc5eee0000 - 0x00007ffc5ef05000 	C:\Users\rahil.arora\.p2\pool\plugins\org.eclipse.justj.openjdk.hotspot.jre.full.win32.x86_64_16.0.1.v20210528-1205\jre\bin\java.dll

dbghelp: loaded successfully - version: 4.0.5 - missing functions: none
symbol engine: initialized successfully - sym options: 0x614 - pdb path: .;C:\Users\rahil.arora\.p2\pool\plugins\org.eclipse.justj.openjdk.hotspot.jre.full.win32.x86_64_16.0.1.v20210528-1205\jre\bin;C:\Windows\SYSTEM32;C:\Windows\WinSxS\amd64_microsoft.windows.common-controls_6595b64144ccf1df_6.0.19041.1110_none_60b5254171f9507e;C:\Program Files\McAfee\Endpoint Security\Threat Prevention\Ips;C:\Users\rahil.arora\.p2\pool\plugins\org.eclipse.justj.openjdk.hotspot.jre.full.win32.x86_64_16.0.1.v20210528-1205\jre\bin\server

VM Arguments:
jvm_args: -XX:+ShowCodeDetailsInExceptionMessages -agentlib:jdwp=transport=dt_socket,suspend=y,address=localhost:57346 -javaagent:C:\Users\rahil.arora\eclipse\java-2021-06\eclipse\configuration\org.eclipse.osgi\222\0\.cp\lib\javaagent-shaded.jar -Dfile.encoding=Cp1252 --module-path=C:\Users\rahil.arora\OneDrive - Incedo Technology Solutions Ltd\Documents\mysql-connector-java-8.0.26\mysql-connector-java-8.0.26\mysql-connector-java-8.0.26.jar 
java_command: ehealth.management.system.AdminLogin
java_class_path (initial): C:\Users\rahil.arora\eclipse-workspace\E-Health Management System\bin;C:\Users\rahil.arora\eclipse-workspace\E-Health Management System\jgoodies-forms-1.8.0.jar;C:\Users\rahil.arora\OneDrive - Incedo Technology Solutions Ltd\Documents\jgoodies-common-1.8.0.jar
Launcher Type: SUN_STANDARD

[Global flags]
     intx CICompilerCount                          = 4                                         {product} {ergonomic}
     uint ConcGCThreads                            = 2                                         {product} {ergonomic}
     uint G1ConcRefinementThreads                  = 8                                         {product} {ergonomic}
   size_t G1HeapRegionSize                         = 2097152                                   {product} {ergonomic}
    uintx GCDrainStackTargetSize                   = 64                                        {product} {ergonomic}
   size_t InitialHeapSize                          = 264241152                                 {product} {ergonomic}
   size_t MarkStackSize                            = 4194304                                   {product} {ergonomic}
   size_t MaxHeapSize                              = 4200595456                                {product} {ergonomic}
   size_t MinHeapDeltaBytes                        = 2097152                                   {product} {ergonomic}
   size_t MinHeapSize                              = 8388608                                   {product} {ergonomic}
    uintx NonNMethodCodeHeapSize                   = 5839372                                {pd product} {ergonomic}
    uintx NonProfiledCodeHeapSize                  = 122909434                              {pd product} {ergonomic}
    uintx ProfiledCodeHeapSize                     = 122909434                              {pd product} {ergonomic}
    uintx ReservedCodeCacheSize                    = 251658240                              {pd product} {ergonomic}
     bool SegmentedCodeCache                       = true                                      {product} {ergonomic}
     bool ShowCodeDetailsInExceptionMessages       = true                                   {manageable} {command line}
   size_t SoftMaxHeapSize                          = 4200595456                             {manageable} {ergonomic}
     bool UseCompressedClassPointers               = true                           {product lp64_product} {ergonomic}
     bool UseCompressedOops                        = true                           {product lp64_product} {ergonomic}
     bool UseG1GC                                  = true                                      {product} {ergonomic}
     bool UseLargePagesIndividualAllocation        = false                                  {pd product} {ergonomic}

Logging:
Log output configuration:
 #0: stdout all=warning uptime,level,tags
 #1: stderr all=off uptime,level,tags

Environment Variables:
PATH=C:\Users\rahil.arora\.p2\pool\plugins\org.eclipse.justj.openjdk.hotspot.jre.full.win32.x86_64_16.0.1.v20210528-1205\jre\bin;C:/Users/rahil.arora/.p2/pool/plugins/org.eclipse.justj.openjdk.hotspot.jre.full.win32.x86_64_16.0.1.v20210528-1205/jre/bin/server;C:/Users/rahil.arora/.p2/pool/plugins/org.eclipse.justj.openjdk.hotspot.jre.full.win32.x86_64_16.0.1.v20210528-1205/jre/bin;C:\app\248admin\product\18.0.0\dbhomeXE\bin;C:\Program Files (x86)\Common Files\Oracle\Java\javapath;C:\Windows\system32;C:\Windows;C:\Windows\System32\Wbem;C:\Windows\System32\WindowsPowerShell\v1.0\;C:\Windows\System32\OpenSSH\;C:\Program Files (x86)\CheckPoint\Endpoint Security\Endpoint Common\bin;C:\Program Files\nodejs\;C:\Users\rahil.arora\AppData\Local\Microsoft\WindowsApps;;C:\Users\rahil.arora\AppData\Local\Programs\Microsoft VS Code\bin;C:\Users\rahil.arora\AppData\Roaming\npm;C:\Users\rahil.arora\OneDrive - Incedo Technology Solutions Ltd\Desktop;
USERNAME=rahil.arora
OS=Windows_NT
PROCESSOR_IDENTIFIER=Intel64 Family 6 Model 142 Stepping 12, GenuineIntel



---------------  S Y S T E M  ---------------

OS:
 Windows 10 , 64 bit Build 19041 (10.0.19041.1023)
OS uptime: 1 days 8:32 hours

CPU: total 8 (initial active 8) (4 cores per cpu, 2 threads per core) family 6 model 142 stepping 12 microcode 0xea, cx8, cmov, fxsr, ht, mmx, 3dnowpref, sse, sse2, sse3, ssse3, sse4.1, sse4.2, popcnt, lzcnt, tsc, tscinvbit, avx, avx2, aes, erms, clmul, bmi1, bmi2, adx, fma, vzeroupper, clflush, clflushopt

Memory: 4k page, system-wide physical 16016M (3482M free)
TotalPageFile size 65168M (AvailPageFile size 5M)
current process WorkingSet (physical memory assigned to process): 11M, peak: 11M
current process commit charge ("private bytes"): 54M, peak: 55M

vm_info: OpenJDK 64-Bit Server VM (16.0.1+9-24) for windows-amd64 JRE (16.0.1+9-24), built on Mar 26 2021 19:30:07 by "mach5one" with MS VC++ 16.7 (VS2019)

END.
